<?xml version="1.0" encoding="UTF-8"?>
<!-- Generated by org.testng.reporters.JUnitXMLReporter -->
<testsuite hostname="MSI" failures="2" tests="2" name="Test" time="14.475" errors="0" timestamp="5 Sep 2024 12:49:30 GMT">
  <testcase classname="testCases.TC004_MacToCart" name="Addmac" time="0.001">
    <failure type="java.lang.Error" message="Unresolved compilation problem: 
	The type Extendreports must implement the inherited abstract method ITestListener.onTestStart(ITestResult)
">
      <![CDATA[java.lang.Error: Unresolved compilation problem: 
	The type Extendreports must implement the inherited abstract method ITestListener.onTestStart(ITestResult)

	at utilities.Extendreports.onTestStart(Extendreports.java:22)
... Removed 25 stack frames]]>
    </failure>
  </testcase> <!-- Addmac -->
  <testcase classname="testCases.TC005_SamsungToCart" name="SamsungToCart" time="0.0">
    <failure type="java.lang.Error" message="Unresolved compilation problem: 
	The type Extendreports must implement the inherited abstract method ITestListener.onTestStart(ITestResult)
">
      <![CDATA[java.lang.Error: Unresolved compilation problem: 
	The type Extendreports must implement the inherited abstract method ITestListener.onTestStart(ITestResult)

	at utilities.Extendreports.onTestStart(Extendreports.java:22)
... Removed 25 stack frames]]>
    </failure>
  </testcase> <!-- SamsungToCart -->
</testsuite> <!-- Test -->
